<?xml version="1.0" encoding="UTF-8"?>
<!-- Generated by org.testng.reporters.JUnitReportReporter -->
<testsuite skipped="0" hostname="LAPTOP-MSM0QL0U" name="qaclickacadamy.Mavanjava.MobileTest" tests="1" failures="0" timestamp="2020-08-24T17:03:28 IST" time="0.034" errors="0">
  <testcase name="second" time="0.034" classname="qaclickacadamy.Mavanjava.MobileTest"/>
  <system-out/>
</testsuite> <!-- qaclickacadamy.Mavanjava.MobileTest -->
