<?xml version="1.0" encoding="UTF-8"?>
<!-- Generated by org.testng.reporters.JUnitReportReporter -->
<testsuite skipped="0" hostname="LAPTOP-MSM0QL0U" name="qaclickacadamy.Mavanjava.MobileTest" tests="2" failures="0" timestamp="2020-09-02T10:59:09 IST" time="0.000" errors="0">
  <testcase name="first" time="0.000" classname="qaclickacadamy.Mavanjava.MobileTest"/>
  <system-out/>
  <testcase name="second" time="0.000" classname="qaclickacadamy.Mavanjava.MobileTest"/>
  <system-out/>
</testsuite> <!-- qaclickacadamy.Mavanjava.MobileTest -->
